ZenboGoToLocation/build/intermediates/manifest_merge_blame_file/debug/manifest-merger-blame-debug-report.txt
1<?xml version="1.0" encoding="utf-8"?>
2<manifest xmlns:android="http://schemas.android.com/apk/res/android"
3    package="com.asus.zenbogotolocation"
4    android:versionCode="1"
5    android:versionName="1.0" >
6
7    <uses-sdk
8        android:minSdkVersion="23"
8-->src\main\AndroidManifest.xml
9        android:targetSdkVersion="26" />
9-->src\main\AndroidManifest.xml
10
11    <!-- require READ_CONTACTS permissions to get room info -->
12    <uses-permission android:name="android.permission.READ_CONTACTS" />
12-->src\main\AndroidManifest.xml:6:5-72
12-->src\main\AndroidManifest.xml:6:22-69
13
14    <application
14-->src\main\AndroidManifest.xml:9:5-27:19
15        android:allowBackup="true"
15-->src\main\AndroidManifest.xml:9:18-44
16        android:debuggable="true"
17        android:icon="@mipmap/ic_launcher"
17-->src\main\AndroidManifest.xml:10:9-43
18        android:label="@string/app_name"
18-->src\main\AndroidManifest.xml:11:9-41
19        android:supportsRtl="true"
19-->src\main\AndroidManifest.xml:12:9-35
20        android:theme="@style/RobotDevTheme" >
20-->src\main\AndroidManifest.xml:13:9-45
21        <activity android:name="com.carey.zenbogotolocation.MainActivity" >
21-->src\main\AndroidManifest.xml:15:9-25:20
21-->src\main\AndroidManifest.xml:15:19-74
22            <intent-filter>
22-->src\main\AndroidManifest.xml:16:13-24:29
23                <action android:name="android.intent.action.MAIN" />
23-->src\main\AndroidManifest.xml:17:17-69
23-->src\main\AndroidManifest.xml:17:25-66
24
25                <category android:name="com.asus.intent.category.ZENBO" />
25-->src\main\AndroidManifest.xml:18:17-75
25-->src\main\AndroidManifest.xml:18:27-72
26                <category android:name="com.asus.intent.category.ZENBO_LAUNCHER" />
26-->src\main\AndroidManifest.xml:19:17-84
26-->src\main\AndroidManifest.xml:19:27-81
27
28                <!-- please comment out the following line when you want to launch to Zenbo App Store -->
29                <!-- See Zenbo Developer Web: Zenbo-SDK-Getting-Started: Important notes on Zenbo APP developing -->
30                <category android:name="android.intent.category.LAUNCHER" />
30-->src\main\AndroidManifest.xml:23:17-77
30-->src\main\AndroidManifest.xml:23:27-74
31            </intent-filter>
32        </activity>
33
34        <meta-data
34-->[com.android.support:appcompat-v7:26.1.0] AndroidManifest.xml:26:9-28:38
35            android:name="android.support.VERSION"
35-->[com.android.support:appcompat-v7:26.1.0] AndroidManifest.xml:27:13-51
36            android:value="26.1.0" />
36-->[com.android.support:appcompat-v7:26.1.0] AndroidManifest.xml:28:13-35
37        <meta-data
37-->[android.arch.lifecycle:runtime:1.0.0] AndroidManifest.xml:25:9-27:47
38            android:name="android.arch.lifecycle.VERSION"
38-->[android.arch.lifecycle:runtime:1.0.0] AndroidManifest.xml:26:13-58
39            android:value="27.0.0-SNAPSHOT" />
39-->[android.arch.lifecycle:runtime:1.0.0] AndroidManifest.xml:27:13-44
40    </application>
41
42</manifest>